<?xml version="1.0" encoding="UTF-8"?>
<!-- Generated by org.testng.reporters.JUnitReportReporter -->
<testsuite hostname="Shajahan" failures="0" tests="1" name="TestRunners.customermoduleTestcase" time="30.292" errors="0" timestamp="2024-07-19T12:45:18 IST" skipped="0">
  <testcase classname="TestRunners.customermoduleTestcase" name="runScenario" time="30.292"/>
</testsuite> <!-- TestRunners.customermoduleTestcase -->
