<?xml version="1.0" encoding="UTF-8"?>
<!-- Generated by org.testng.reporters.JUnitReportReporter -->
<testsuite hostname="Shajahan" failures="0" tests="1" name="TestRunners.StockitemTestcase" time="31.204" errors="0" timestamp="2024-07-19T12:41:14 IST" skipped="0">
  <testcase classname="TestRunners.StockitemTestcase" name="runScenario" time="31.204"/>
</testsuite> <!-- TestRunners.StockitemTestcase -->
