<?xml version="1.0" encoding="UTF-8"?>
<!-- Generated by org.testng.reporters.JUnitReportReporter -->
<testsuite hostname="Shajahan" failures="0" tests="1" name="TestRunners.AddingItemTestcase" time="27.805" errors="0" timestamp="2024-07-18T21:38:59 IST" skipped="0">
  <testcase classname="TestRunners.AddingItemTestcase" name="runScenario" time="27.805"/>
</testsuite> <!-- TestRunners.AddingItemTestcase -->
