<?xml version="1.0" encoding="UTF-8"?>
<!-- Generated by org.testng.reporters.JUnitReportReporter -->
<testsuite hostname="Shajahan" failures="0" tests="4" name="TestRunners.AdminLoginwithInvalidInputs" time="36.418" errors="0" timestamp="2024-07-19T12:41:14 IST" skipped="0">
  <testcase classname="TestRunners.AdminLoginwithInvalidInputs" name="runScenario" time="8.150"/>
  <testcase classname="TestRunners.AdminLoginwithInvalidInputs" name="runScenario" time="8.743"/>
  <testcase classname="TestRunners.AdminLoginwithInvalidInputs" name="runScenario" time="10.815"/>
  <testcase classname="TestRunners.AdminLoginwithInvalidInputs" name="runScenario" time="8.710"/>
</testsuite> <!-- TestRunners.AdminLoginwithInvalidInputs -->
